<?xml version="1.0" encoding="UTF-8"?>
<!-- Generated by org.testng.reporters.JUnitXMLReporter -->
<testsuite ignored="0" hostname="admin1-H110M-H" failures="0" tests="17" name="Default test" time="1.269" errors="0" timestamp="2019-12-12T12:28:43 IST">
  <testcase classname="com.bridgelabz.fundoonotes.restassuredtest.NoteServiceRestAssuredApiTest" name="addCollaboratorApiTest" time="0.92"/>
  <testcase classname="com.bridgelabz.fundoonotes.restassuredtest.NoteServiceRestAssuredApiTest" name="addNoteApiTest" time="0.017"/>
  <testcase classname="com.bridgelabz.fundoonotes.restassuredtest.NoteServiceRestAssuredApiTest" name="addReminderApiTest" time="0.035"/>
  <testcase classname="com.bridgelabz.fundoonotes.restassuredtest.NoteServiceRestAssuredApiTest" name="archiveApiTest" time="0.023"/>
  <testcase classname="com.bridgelabz.fundoonotes.restassuredtest.NoteServiceRestAssuredApiTest" name="deleteNoteApiTest" time="0.019"/>
  <testcase classname="com.bridgelabz.fundoonotes.restassuredtest.NoteServiceRestAssuredApiTest" name="editReminderApiTest" time="0.02"/>
  <testcase classname="com.bridgelabz.fundoonotes.restassuredtest.NoteServiceRestAssuredApiTest" name="findNoteApiTest" time="0.012"/>
  <testcase classname="com.bridgelabz.fundoonotes.restassuredtest.NoteServiceRestAssuredApiTest" name="isPinApiTest" time="0.022"/>
  <testcase classname="com.bridgelabz.fundoonotes.restassuredtest.NoteServiceRestAssuredApiTest" name="isTrashApiTest" time="0.019"/>
  <testcase classname="com.bridgelabz.fundoonotes.restassuredtest.NoteServiceRestAssuredApiTest" name="removeCollaboratorApiTest" time="0.015"/>
  <testcase classname="com.bridgelabz.fundoonotes.restassuredtest.NoteServiceRestAssuredApiTest" name="removeReminderApiTest" time="0.017"/>
  <testcase classname="com.bridgelabz.fundoonotes.restassuredtest.NoteServiceRestAssuredApiTest" name="showNotesApiTest" time="0.01"/>
  <testcase classname="com.bridgelabz.fundoonotes.restassuredtest.NoteServiceRestAssuredApiTest" name="sortNoteByDateAscApiTest" time="0.009"/>
  <testcase classname="com.bridgelabz.fundoonotes.restassuredtest.NoteServiceRestAssuredApiTest" name="sortNoteByDateDescApiTest" time="0.012"/>
  <testcase classname="com.bridgelabz.fundoonotes.restassuredtest.NoteServiceRestAssuredApiTest" name="sortNoteByTitleAscApiTest" time="0.008"/>
  <testcase classname="com.bridgelabz.fundoonotes.restassuredtest.NoteServiceRestAssuredApiTest" name="sortNoteByTitleDescApiTest" time="0.044"/>
  <testcase classname="com.bridgelabz.fundoonotes.restassuredtest.NoteServiceRestAssuredApiTest" name="updateNoteApiTest" time="0.021"/>
</testsuite> <!-- Default test -->
