<?xml version="1.0" encoding="UTF-8"?>
<!-- Generated by org.testng.reporters.JUnitXMLReporter -->
<testsuite ignored="0" hostname="admin1-H110M-H" failures="0" tests="6" name="Default test" time="1.056" errors="0" timestamp="2019-12-12T13:16:45 IST">
  <testcase classname="com.bridgelabz.fundoonotes.restassuredtest.LabelServiceRestAssuredApiTest" name="addLabelApiTest" time="0.906"/>
  <testcase classname="com.bridgelabz.fundoonotes.restassuredtest.LabelServiceRestAssuredApiTest" name="addLabelToNoteApiTest" time="0.028"/>
  <testcase classname="com.bridgelabz.fundoonotes.restassuredtest.LabelServiceRestAssuredApiTest" name="deleteLabelApiTest" time="0.025"/>
  <testcase classname="com.bridgelabz.fundoonotes.restassuredtest.LabelServiceRestAssuredApiTest" name="findLabelByIdApiTest" time="0.021"/>
  <testcase classname="com.bridgelabz.fundoonotes.restassuredtest.LabelServiceRestAssuredApiTest" name="showLabelsApiTest" time="0.02"/>
  <testcase classname="com.bridgelabz.fundoonotes.restassuredtest.LabelServiceRestAssuredApiTest" name="updateLabelApiTest" time="0.023"/>
</testsuite> <!-- Default test -->
