<?xml version="1.0" encoding="UTF-8"?>
<testng-results ignored="0" total="17" passed="17" failed="0" skipped="0">
  <reporter-output>
  </reporter-output>
  <suite started-at="2019-12-12T12:28:42 IST" name="Default suite" finished-at="2019-12-12T12:28:43 IST" duration-ms="1269">
    <groups>
    </groups>
    <test started-at="2019-12-12T12:28:42 IST" name="Default test" finished-at="2019-12-12T12:28:43 IST" duration-ms="1269">
      <class name="com.bridgelabz.fundoonotes.restassuredtest.NoteServiceRestAssuredApiTest">
        <test-method signature="addCollaboratorApiTest()[pri:0, instance:com.bridgelabz.fundoonotes.restassuredtest.NoteServiceRestAssuredApiTest@12e61fe6]" started-at="2019-12-12T12:28:42 IST" name="addCollaboratorApiTest" finished-at="2019-12-12T12:28:43 IST" duration-ms="920" status="PASS">
          <reporter-output>
          </reporter-output>
        </test-method> <!-- addCollaboratorApiTest -->
        <test-method signature="addNoteApiTest()[pri:0, instance:com.bridgelabz.fundoonotes.restassuredtest.NoteServiceRestAssuredApiTest@12e61fe6]" started-at="2019-12-12T12:28:43 IST" name="addNoteApiTest" finished-at="2019-12-12T12:28:43 IST" duration-ms="17" status="PASS">
          <reporter-output>
          </reporter-output>
        </test-method> <!-- addNoteApiTest -->
        <test-method signature="addReminderApiTest()[pri:0, instance:com.bridgelabz.fundoonotes.restassuredtest.NoteServiceRestAssuredApiTest@12e61fe6]" started-at="2019-12-12T12:28:43 IST" name="addReminderApiTest" finished-at="2019-12-12T12:28:43 IST" duration-ms="35" status="PASS">
          <reporter-output>
          </reporter-output>
        </test-method> <!-- addReminderApiTest -->
        <test-method signature="archiveApiTest()[pri:0, instance:com.bridgelabz.fundoonotes.restassuredtest.NoteServiceRestAssuredApiTest@12e61fe6]" started-at="2019-12-12T12:28:43 IST" name="archiveApiTest" finished-at="2019-12-12T12:28:43 IST" duration-ms="23" status="PASS">
          <reporter-output>
          </reporter-output>
        </test-method> <!-- archiveApiTest -->
        <test-method signature="deleteNoteApiTest()[pri:0, instance:com.bridgelabz.fundoonotes.restassuredtest.NoteServiceRestAssuredApiTest@12e61fe6]" started-at="2019-12-12T12:28:43 IST" name="deleteNoteApiTest" finished-at="2019-12-12T12:28:43 IST" duration-ms="19" status="PASS">
          <reporter-output>
          </reporter-output>
        </test-method> <!-- deleteNoteApiTest -->
        <test-method signature="editReminderApiTest()[pri:0, instance:com.bridgelabz.fundoonotes.restassuredtest.NoteServiceRestAssuredApiTest@12e61fe6]" started-at="2019-12-12T12:28:43 IST" name="editReminderApiTest" finished-at="2019-12-12T12:28:43 IST" duration-ms="20" status="PASS">
          <reporter-output>
          </reporter-output>
        </test-method> <!-- editReminderApiTest -->
        <test-method signature="findNoteApiTest()[pri:0, instance:com.bridgelabz.fundoonotes.restassuredtest.NoteServiceRestAssuredApiTest@12e61fe6]" started-at="2019-12-12T12:28:43 IST" name="findNoteApiTest" finished-at="2019-12-12T12:28:43 IST" duration-ms="12" status="PASS">
          <reporter-output>
          </reporter-output>
        </test-method> <!-- findNoteApiTest -->
        <test-method signature="isPinApiTest()[pri:0, instance:com.bridgelabz.fundoonotes.restassuredtest.NoteServiceRestAssuredApiTest@12e61fe6]" started-at="2019-12-12T12:28:43 IST" name="isPinApiTest" finished-at="2019-12-12T12:28:43 IST" duration-ms="22" status="PASS">
          <reporter-output>
          </reporter-output>
        </test-method> <!-- isPinApiTest -->
        <test-method signature="isTrashApiTest()[pri:0, instance:com.bridgelabz.fundoonotes.restassuredtest.NoteServiceRestAssuredApiTest@12e61fe6]" started-at="2019-12-12T12:28:43 IST" name="isTrashApiTest" finished-at="2019-12-12T12:28:43 IST" duration-ms="19" status="PASS">
          <reporter-output>
          </reporter-output>
        </test-method> <!-- isTrashApiTest -->
        <test-method signature="removeCollaboratorApiTest()[pri:0, instance:com.bridgelabz.fundoonotes.restassuredtest.NoteServiceRestAssuredApiTest@12e61fe6]" started-at="2019-12-12T12:28:43 IST" name="removeCollaboratorApiTest" finished-at="2019-12-12T12:28:43 IST" duration-ms="15" status="PASS">
          <reporter-output>
          </reporter-output>
        </test-method> <!-- removeCollaboratorApiTest -->
        <test-method signature="removeReminderApiTest()[pri:0, instance:com.bridgelabz.fundoonotes.restassuredtest.NoteServiceRestAssuredApiTest@12e61fe6]" started-at="2019-12-12T12:28:43 IST" name="removeReminderApiTest" finished-at="2019-12-12T12:28:43 IST" duration-ms="17" status="PASS">
          <reporter-output>
          </reporter-output>
        </test-method> <!-- removeReminderApiTest -->
        <test-method signature="showNotesApiTest()[pri:0, instance:com.bridgelabz.fundoonotes.restassuredtest.NoteServiceRestAssuredApiTest@12e61fe6]" started-at="2019-12-12T12:28:43 IST" name="showNotesApiTest" finished-at="2019-12-12T12:28:43 IST" duration-ms="10" status="PASS">
          <reporter-output>
          </reporter-output>
        </test-method> <!-- showNotesApiTest -->
        <test-method signature="sortNoteByDateAscApiTest()[pri:0, instance:com.bridgelabz.fundoonotes.restassuredtest.NoteServiceRestAssuredApiTest@12e61fe6]" started-at="2019-12-12T12:28:43 IST" name="sortNoteByDateAscApiTest" finished-at="2019-12-12T12:28:43 IST" duration-ms="9" status="PASS">
          <reporter-output>
          </reporter-output>
        </test-method> <!-- sortNoteByDateAscApiTest -->
        <test-method signature="sortNoteByDateDescApiTest()[pri:0, instance:com.bridgelabz.fundoonotes.restassuredtest.NoteServiceRestAssuredApiTest@12e61fe6]" started-at="2019-12-12T12:28:43 IST" name="sortNoteByDateDescApiTest" finished-at="2019-12-12T12:28:43 IST" duration-ms="12" status="PASS">
          <reporter-output>
          </reporter-output>
        </test-method> <!-- sortNoteByDateDescApiTest -->
        <test-method signature="sortNoteByTitleAscApiTest()[pri:0, instance:com.bridgelabz.fundoonotes.restassuredtest.NoteServiceRestAssuredApiTest@12e61fe6]" started-at="2019-12-12T12:28:43 IST" name="sortNoteByTitleAscApiTest" finished-at="2019-12-12T12:28:43 IST" duration-ms="8" status="PASS">
          <reporter-output>
          </reporter-output>
        </test-method> <!-- sortNoteByTitleAscApiTest -->
        <test-method signature="sortNoteByTitleDescApiTest()[pri:0, instance:com.bridgelabz.fundoonotes.restassuredtest.NoteServiceRestAssuredApiTest@12e61fe6]" started-at="2019-12-12T12:28:43 IST" name="sortNoteByTitleDescApiTest" finished-at="2019-12-12T12:28:43 IST" duration-ms="44" status="PASS">
          <reporter-output>
          </reporter-output>
        </test-method> <!-- sortNoteByTitleDescApiTest -->
        <test-method signature="updateNoteApiTest()[pri:0, instance:com.bridgelabz.fundoonotes.restassuredtest.NoteServiceRestAssuredApiTest@12e61fe6]" started-at="2019-12-12T12:28:43 IST" name="updateNoteApiTest" finished-at="2019-12-12T12:28:43 IST" duration-ms="21" status="PASS">
          <reporter-output>
          </reporter-output>
        </test-method> <!-- updateNoteApiTest -->
      </class> <!-- com.bridgelabz.fundoonotes.restassuredtest.NoteServiceRestAssuredApiTest -->
    </test> <!-- Default test -->
  </suite> <!-- Default suite -->
</testng-results>
