<?xml version="1.0" encoding="UTF-8"?>
<testng-results ignored="0" total="6" passed="6" failed="0" skipped="0">
  <reporter-output>
  </reporter-output>
  <suite started-at="2019-12-12T13:16:44 IST" name="Default suite" finished-at="2019-12-12T13:16:45 IST" duration-ms="1056">
    <groups>
    </groups>
    <test started-at="2019-12-12T13:16:44 IST" name="Default test" finished-at="2019-12-12T13:16:45 IST" duration-ms="1056">
      <class name="com.bridgelabz.fundoonotes.restassuredtest.LabelServiceRestAssuredApiTest">
        <test-method signature="addLabelApiTest()[pri:0, instance:com.bridgelabz.fundoonotes.restassuredtest.LabelServiceRestAssuredApiTest@163e4e87]" started-at="2019-12-12T13:16:44 IST" name="addLabelApiTest" finished-at="2019-12-12T13:16:45 IST" duration-ms="906" status="PASS">
          <reporter-output>
          </reporter-output>
        </test-method> <!-- addLabelApiTest -->
        <test-method signature="addLabelToNoteApiTest()[pri:0, instance:com.bridgelabz.fundoonotes.restassuredtest.LabelServiceRestAssuredApiTest@163e4e87]" started-at="2019-12-12T13:16:45 IST" name="addLabelToNoteApiTest" finished-at="2019-12-12T13:16:45 IST" duration-ms="28" status="PASS">
          <reporter-output>
          </reporter-output>
        </test-method> <!-- addLabelToNoteApiTest -->
        <test-method signature="deleteLabelApiTest()[pri:0, instance:com.bridgelabz.fundoonotes.restassuredtest.LabelServiceRestAssuredApiTest@163e4e87]" started-at="2019-12-12T13:16:45 IST" name="deleteLabelApiTest" finished-at="2019-12-12T13:16:45 IST" duration-ms="25" status="PASS">
          <reporter-output>
          </reporter-output>
        </test-method> <!-- deleteLabelApiTest -->
        <test-method signature="findLabelByIdApiTest()[pri:0, instance:com.bridgelabz.fundoonotes.restassuredtest.LabelServiceRestAssuredApiTest@163e4e87]" started-at="2019-12-12T13:16:45 IST" name="findLabelByIdApiTest" finished-at="2019-12-12T13:16:45 IST" duration-ms="21" status="PASS">
          <reporter-output>
          </reporter-output>
        </test-method> <!-- findLabelByIdApiTest -->
        <test-method signature="showLabelsApiTest()[pri:0, instance:com.bridgelabz.fundoonotes.restassuredtest.LabelServiceRestAssuredApiTest@163e4e87]" started-at="2019-12-12T13:16:45 IST" name="showLabelsApiTest" finished-at="2019-12-12T13:16:45 IST" duration-ms="20" status="PASS">
          <reporter-output>
          </reporter-output>
        </test-method> <!-- showLabelsApiTest -->
        <test-method signature="updateLabelApiTest()[pri:0, instance:com.bridgelabz.fundoonotes.restassuredtest.LabelServiceRestAssuredApiTest@163e4e87]" started-at="2019-12-12T13:16:45 IST" name="updateLabelApiTest" finished-at="2019-12-12T13:16:45 IST" duration-ms="23" status="PASS">
          <reporter-output>
          </reporter-output>
        </test-method> <!-- updateLabelApiTest -->
      </class> <!-- com.bridgelabz.fundoonotes.restassuredtest.LabelServiceRestAssuredApiTest -->
    </test> <!-- Default test -->
  </suite> <!-- Default suite -->
</testng-results>
